2022-12-17 14:38:07 START 🦁🦏🦛🐘🐯️...

2022-12-17 14:38:09  Cpu-4  idx:484  total:1  rate:484  runtime:2.2577  rate/t:2.2577
hire genre enhance produce elbow room circle mail leave unit kid setup
BTC Address: 3KxBQiA8yM1vZAWPa6tJYJyK6MFhrBBmme
BTC PrivateKey: KzBnCTRuNcw8CZrE8nZR85RQSYqGCMqmTenMXKDMXdWnoJQ2rn5a
ETH Address0xc49313C0195092025925dC07E8a3e2c350595A16
ETH PrivateKey: be683fdfccb6271652af31ce4cb467af04cb3e0130e2e5749449d8ea71ed1870

2022-12-17 14:38:09  Cpu-5  idx:633  total:1  rate:633  runtime:2.7175  rate/t:2.7175
manual cry island dust spoil sound lyrics bullet parent own black pupil
BTC Address: 3L5jBRASwxb5JtXF9j1ZKFCBbdVRccpzme
BTC PrivateKey: Kxi7xkucMaAvFZbAAWkZC1YkKK1Tc3zPotC395TQs5EvECxqcRNZ
ETH Address0x0c0aC9e6b9b2DaD026Ba1bE04850A853D1C603bf
ETH PrivateKey: ed12f6662658b4cf5e3c4bb5fac0e471d1f27341b650090ce4d0219c3c719a7c

2022-12-17 14:38:12  Cpu-7  idx:1081  total:1  rate:1081  runtime:4.9497  rate/t:4.9497
dish swallow square alone hen elevator orbit admit fly twist sudden vault
BTC Address: 3M9hzK2vLx7w8krjdruMUTHmrrXHiuoxme
BTC PrivateKey: L3eq71hLbzDfwvipdCkUGVRj6uvnuQdg28EfLmodCopKtXmm2P4v
ETH Address0x1c1b0FfcC26Cf07b0944DFf0056c0ed21132202f
ETH PrivateKey: bcbaee10d12c8779981b6ecc6f7282156fd7eb278b4d90844155cd84d8170a9e

2022-12-17 14:38:12  Cpu-4  idx:1161  total:2  rate:580  runtime:5.1840  rate/t:2.5920
behind embrace begin mask absurd soda leopard top know ten tobacco divorce
BTC Address: 3PT15iPvenPyxsDWjAdc4AzZUAQm33qWme
BTC PrivateKey: KxW5N3wYpJJzsNfXUebh5HcSxhYunBJx7UkVziYKBJNsVFbrWmPt
ETH Address0x64D95e63Eb236Af27d5Dc02850DdbD283f85eC4E
ETH PrivateKey: 9b9981450fecfae0b55554c3377ded08f3cd12d09f00f555110ce278ed853eb3

2022-12-17 14:38:14  Cpu-7  idx:1570  total:2  rate:785  runtime:7.1349  rate/t:3.5674
eyebrow exchange network later until notable heavy stage company issue ticket dash
BTC Address: 3DMYqvvJwKZFsWE617q5tGWxAh8kconUme
BTC PrivateKey: KzMVjbhRHfeqNHbppWfKxjuowqbxK2tYkpGCBqFaaZ4xojXHCHZ8
ETH Address0xDa957Fa72d334909b8529B8d8090f40E139EDf52
ETH PrivateKey: 9572b5be2f7a7a4cb47f7d9d4be47857bbecbf443ff205932d0e8ef5c25d24b8

2022-12-17 14:38:14  Cpu-5  idx:1684  total:2  rate:842  runtime:7.3820  rate/t:3.6910
onion area spin august connect cube cinnamon island nothing skate point true
BTC Address: 36KFWwwtitVfRhJ3AQ1S5vqDaQasD6hAme
BTC PrivateKey: Kxr1BjjHyLqx3Uh3TV9mr1VcJGebHwuRZxUfzZSfvzR5WmfSs9sz
ETH Address0x5E4E5C0de276adE042F4Cb465E68ce15d037bd44
ETH PrivateKey: 4fac93a5c14a33273f559eb7a93c5a8cc4d794fbef29ab1ddb1c31357b6ec663

2022-12-17 14:38:16  Cpu-4  idx:2056  total:3  rate:685  runtime:9.1568  rate/t:3.0522
tiger infant gain bright accuse rebel like hurry define pave remember panda
BTC Address: 35kzpynyAcTd2yZCwuCDUbe9rjeuezEome
BTC PrivateKey: KwKFgsLKZ4UFHmBvAS9DV9XTxXB6SLYLdY99kbbcsv7ycSLuyc7M
ETH Address0xc268a5e628e612aE63FEa9775A48E508b50c5B0d
ETH PrivateKey: a4dc90b73c32d98c246c8d7503adb8911b196e9ae11ca264cb448460b4363618

2022-12-17 14:38:16  Cpu-7  idx:2049  total:3  rate:683  runtime:9.2393  rate/t:3.0797
clump nominee pull chase sauce snow such impulse thumb habit submit web
BTC Address: 35NLHqBeuzpgFXuuBYLkfDFckCYAUEgHme
BTC PrivateKey: Ky1b1soN4txTt8LbuNk9UvDyixgiYM45PRS9GWXUT7mNFnKdnJLu
ETH Address0xcAb77fb3801Fdce60363eEf3cfE8F34b9Ad621f1
ETH PrivateKey: 1b887f3c54d0f9b707bc7194f0743023a1f2bba6e628c6f79efef8e9b70cd4bb

2022-12-17 14:38:18  Cpu-6  idx:2419  total:1  rate:2419  runtime:10.761  rate/t:10.761
dinosaur trial dinner connect toddler select found enforce popular claw mind brass
BTC Address: 3PNzxYyswNAbXPpEyZdzkHiqyTLWU8EVme
BTC PrivateKey: L58YPTNQAq3ZDHr4jt5awaFF22PngmWE4EhHsACatCiaUi23B5n6
ETH Address0x37b7dfAA031795aa5624CCf500161E96E5905214
ETH PrivateKey: 6fa63362941031d29207a99bc46ec8b185f4205bcb505ab2e754ecaeb50a35dc

2022-12-17 14:38:21  Cpu-5  idx:3262  total:3  rate:1087  runtime:14.273  rate/t:4.7577
indicate spray priority slim swift industry tooth acquire bomb unique art case
BTC Address: 38TG3otULv7GX3YM4BPKTNYyo1c8d4Peme
BTC PrivateKey: KwydF6ZWEiejigCz9HbMZ9WaSpBBEgTR3WGZ14tVXremDXnAHJVk
ETH Address0x4eD882f4AF3d2A6bf6501Bf57bA4990D81b38dd2
ETH PrivateKey: 76606ec882fadc93b239949a7a9b5a31b0b79ec30c2bf997264205d76f449949

2022-12-17 14:38:23  Cpu-5  idx:3785  total:4  rate:946  runtime:16.591  rate/t:4.1479
survey happy electric ignore tree blame effort north can biology style usual
BTC Address: 3NiacPmYX3QasZKiLaHtTDraVvhXtHjMme
BTC PrivateKey: L5f4URUgLfBMcW3sjQXJBpPmyrdqQrojsYQ6JvAYzQPLemLhGrQw
ETH Address0x472e0bce2ABD9F6fe0a0e74C4BD16cC7FaB9790c
ETH PrivateKey: 21711908f14c613ce2809f912a64709afc701eeae40fdb5cc635c7aeebc3bfa4

2022-12-17 14:38:24  Cpu-5  idx:3941  total:5  rate:788  runtime:17.269  rate/t:3.4539
one accuse ability cherry blast tide yellow borrow leaf category sea lady
BTC Address: 3HG6VzSZr5EL3VL4LW5kGxeiikzbvxrdme
BTC PrivateKey: L4EWnpp2PHLfnTQJtPnxJJ3MsWKLpoZ6QZn8dvPPLBvkcHfq6WXM
ETH Address0xEa37448eC6aF0D4c9B19D4E110DD3CF8BFD226EB
ETH PrivateKey: 49d6a46e2cbbbcec6aa74f3c3a31bbab77043a2952c1abe5eed287f60dfb7ed2

2022-12-17 14:39:13 START 🦁🦏🦛🐘🐯️...

2022-12-17 14:39:16  Cpu-4  idx:585  total:1  rate:585  runtime:2.6262  rate/t:2.6262
know tobacco sign game inform pretty project fatal drama vast miss lend
BTC Address: 3GU5Fq3rAvgFQ4TumN6AuVC9gBQQ8UpDme
BTC PrivateKey: Kwb3t4QYrNRYknsDFcpMSdwbKeG4eR1snPuN64TigdjBjHkj2j8G
ETH Address: 0x52bd3Ff4A7F7E537a6F3D3fF9010f44487F9C3eA
ETH PrivateKey: 5aa8459e902c1d19e1327d47013b93c4cfda8c640f8161e90a58469fb37fcd98

2022-12-17 14:39:20  Cpu-6  idx:1434  total:1  rate:1434  runtime:6.5183  rate/t:6.5183
flash someone swear height lab deny merry escape unhappy lamp ignore female
BTC Address: 346qMEVvTT6AZ561zbRgSQwi4ex6jKuNme
BTC PrivateKey: KzKxpspR7m2E1CkfT7YEEzJ1gTbWgHon98KbFDD28g8DmJT37hao
ETH Address: 0x2112F3EE7d2854617fEC225eb59ca882Ae064F34
ETH PrivateKey: d3b5c9b0cc0f7439102e74fbcbe1779066b639c2eede018b86407bf2852cacaa

2022-12-17 14:39:20  Cpu-6  idx:1624  total:2  rate:812  runtime:7.3822  rate/t:3.6911
social moral found jelly boy lab corn chef marriage collect flat flush
BTC Address: 3N6mZ6hCWH5nQJ9ZqfDQbgAEomZxDpeBme
BTC PrivateKey: KwkNFNhvjwqMv7hk2R7CCZBjk1MRX3Py55sDbJQTZqZ9g2KiTAtZ
ETH Address: 0x623FDeb575617b1f4cdAa7C4Ef8dD4B01B24Da29
ETH PrivateKey: 31a3c4d55d5ef6c6031531c61cd4b59dcd49628aacc92c0571b4f44188fedd98

2022-12-17 14:39:25  Cpu-4  idx:2647  total:2  rate:1323  runtime:11.729  rate/t:5.8647
plastic inflict menu acid season orange yard boil predict cargo fetch moral
BTC Address: 35d4PZ7ftHndJQU7g5e7Kma2jFYH3hQrme
BTC PrivateKey: KzmAcowwnS4n1VWSY6tpQnaZfPxyPPfwVQpxjGsRrDbtUzJMjgm8
ETH Address: 0x2B507f0ABcd986C1FCFaeDBd3c5cabf6012185FA
ETH PrivateKey: cfc43f40b47d3571a9775855b8bd905782a272f250eee26ae5d363d8f990bfa1

2022-12-17 14:39:25  Cpu-7  idx:2827  total:1  rate:2827  runtime:12.424  rate/t:12.424
vessel extend imitate inform have sign dice knock tortoise betray cover measure
BTC Address: 3DLBw4ozQymEt85N6qeHvRguKrjdnagNme
BTC PrivateKey: L2V3AVGzB7Pmc3RHNjqQkCZ2nCt6ZK3h1sdNc3mEsVb7VYS5Wenn
ETH Address: 0x75600D4077B9AC770f6E12b94AB64CF001393267
ETH PrivateKey: 73cdd419d3a3a8cedf661cfe11f070101c1c4cf291e686145cabe530a4f9cde0

2022-12-17 14:39:28  Cpu-7  idx:3277  total:2  rate:1638  runtime:14.466  rate/t:7.2330
two pole catch course bridge comfort kangaroo beauty patrol meadow key turtle
BTC Address: 3BFkJgcQxf5dmNSFkz8Nw5vyh3YAY1aRme
BTC PrivateKey: KyqT2JBjUGjAGXxgHXCYjz4CoHKeM4PVbEw6Yii2YWPdBUXUQpU9
ETH Address: 0xA6F77A2419cee5de6C11944Cccf9C8b98D851C39
ETH PrivateKey: 9512b425a5646e29841dc9876ea692ced453a9432eb3188563d5a7c23e71fe39

